# JRE version: OpenJDK Runtime Environment (11.0.2+9) (build 11.0.2+9)
# Java VM: OpenJDK 64-Bit Server VM (11.0.2+9, mixed mode, tiered, compressed oops, g1 gc, windows-amd64)
Heap:
 garbage-first heap   total 162816K, used 89197K [0x0000000740000000, 0x0000000800000000)
  region size 1024K, 1 young (1024K), 0 survivors (0K)
 Metaspace       used 86506K, capacity 88581K, committed 88784K, reserved 1124352K
  class space    used 12158K, capacity 13102K, committed 13184K, reserved 1048576K
GC Heap History (10 events):
Event: 111.774 GC heap before
{Heap before GC invocations=34 (full 1):
 garbage-first heap   total 157696K, used 147183K [0x0000000740000000, 0x0000000800000000)
  region size 1024K, 60 young (61440K), 6 survivors (6144K)
 Metaspace       used 83779K, capacity 85662K, committed 85968K, reserved 1122304K
  class space    used 11721K, capacity 12551K, committed 12672K, reserved 1048576K
}
Event: 111.778 GC heap after
{Heap after GC invocations=35 (full 1):
 garbage-first heap   total 157696K, used 91740K [0x0000000740000000, 0x0000000800000000)
  region size 1024K, 2 young (2048K), 2 survivors (2048K)
 Metaspace       used 83779K, capacity 85662K, committed 85968K, reserved 1122304K
  class space    used 11721K, capacity 12551K, committed 12672K, reserved 1048576K
}
Event: 112.167 GC heap before
{Heap before GC invocations=36 (full 1):
 garbage-first heap   total 157696K, used 143964K [0x0000000740000000, 0x0000000800000000)
  region size 1024K, 43 young (44032K), 2 survivors (2048K)
 Metaspace       used 85858K, capacity 87899K, committed 88144K, reserved 1124352K
  class space    used 12113K, capacity 13045K, committed 13056K, reserved 1048576K
}
Event: 112.211 GC heap after
{Heap after GC invocations=37 (full 2):
 garbage-first heap   total 162816K, used 91502K [0x0000000740000000, 0x0000000800000000)
  region size 1024K, 0 young (0K), 0 survivors (0K)
 Metaspace       used 85858K, capacity 87899K, committed 88144K, reserved 1124352K
  class space    used 12113K, capacity 13045K, committed 13056K, reserved 1048576K
}
Event: 184.667 GC heap before
{Heap before GC invocations=37 (full 2):
 garbage-first heap   total 162816K, used 152942K [0x0000000740000000, 0x0000000800000000)
  region size 1024K, 60 young (61440K), 0 survivors (0K)
 Metaspace       used 86048K, capacity 88098K, committed 88272K, reserved 1124352K
  class space    used 12128K, capacity 13069K, committed 13184K, reserved 1048576K
}
Event: 184.670 GC heap after
{Heap after GC invocations=38 (full 2):
 garbage-first heap   total 162816K, used 92197K [0x0000000740000000, 0x0000000800000000)
  region size 1024K, 1 young (1024K), 1 survivors (1024K)
 Metaspace       used 86048K, capacity 88098K, committed 88272K, reserved 1124352K
  class space    used 12128K, capacity 13069K, committed 13184K, reserved 1048576K
}
Event: 219.759 GC heap before
{Heap before GC invocations=39 (full 2):
 garbage-first heap   total 162816K, used 134181K [0x0000000740000000, 0x0000000800000000)
  region size 1024K, 43 young (44032K), 1 survivors (1024K)
 Metaspace       used 86313K, capacity 88389K, committed 88528K, reserved 1124352K
  class space    used 12151K, capacity 13102K, committed 13184K, reserved 1048576K
}
Event: 219.761 GC heap after
{Heap after GC invocations=40 (full 2):
 garbage-first heap   total 162816K, used 92352K [0x0000000740000000, 0x0000000800000000)
  region size 1024K, 1 young (1024K), 1 survivors (1024K)
 Metaspace       used 86313K, capacity 88389K, committed 88528K, reserved 1124352K
  class space    used 12151K, capacity 13102K, committed 13184K, reserved 1048576K
}
Event: 222.928 GC heap before
{Heap before GC invocations=41 (full 2):
 garbage-first heap   total 162816K, used 115904K [0x0000000740000000, 0x0000000800000000)
  region size 1024K, 21 young (21504K), 1 survivors (1024K)
 Metaspace       used 86501K, capacity 88581K, committed 88784K, reserved 1124352K
  class space    used 12158K, capacity 13102K, committed 13184K, reserved 1048576K
}
Event: 222.970 GC heap after
{Heap after GC invocations=42 (full 3):
 garbage-first heap   total 162816K, used 89197K [0x0000000740000000, 0x0000000800000000)
  region size 1024K, 0 young (0K), 0 survivors (0K)
 Metaspace       used 86501K, capacity 88581K, committed 88784K, reserved 1124352K
  class space    used 12158K, capacity 13102K, committed 13184K, reserved 1048576K
}

