# JRE version: OpenJDK Runtime Environment (11.0.2+9) (build 11.0.2+9)
# Java VM: OpenJDK 64-Bit Server VM (11.0.2+9, mixed mode, tiered, compressed oops, g1 gc, windows-amd64)
Heap:
 garbage-first heap   total 396288K, used 178280K [0x0000000740000000, 0x0000000800000000)
  region size 1024K, 57 young (58368K), 2 survivors (2048K)
 Metaspace       used 98320K, capacity 101203K, committed 101328K, reserved 1136640K
  class space    used 13314K, capacity 14605K, committed 14720K, reserved 1048576K
GC Heap History (10 events):
Event: 2732.202 GC heap before
{Heap before GC invocations=1713 (full 325):
 garbage-first heap   total 396288K, used 182363K [0x0000000740000000, 0x0000000800000000)
  region size 1024K, 60 young (61440K), 1 survivors (1024K)
 Metaspace       used 97842K, capacity 100713K, committed 100944K, reserved 1136640K
  class space    used 13280K, capacity 14569K, committed 14592K, reserved 1048576K
}
Event: 2732.203 GC heap after
{Heap after GC invocations=1714 (full 325):
 garbage-first heap   total 396288K, used 121951K [0x0000000740000000, 0x0000000800000000)
  region size 1024K, 1 young (1024K), 1 survivors (1024K)
 Metaspace       used 97842K, capacity 100713K, committed 100944K, reserved 1136640K
  class space    used 13280K, capacity 14569K, committed 14592K, reserved 1048576K
}
Event: 2732.360 GC heap before
{Heap before GC invocations=1714 (full 325):
 garbage-first heap   total 396288K, used 182367K [0x0000000740000000, 0x0000000800000000)
  region size 1024K, 60 young (61440K), 1 survivors (1024K)
 Metaspace       used 97844K, capacity 100713K, committed 100944K, reserved 1136640K
  class space    used 13280K, capacity 14569K, committed 14592K, reserved 1048576K
}
Event: 2732.361 GC heap after
{Heap after GC invocations=1715 (full 325):
 garbage-first heap   total 396288K, used 122119K [0x0000000740000000, 0x0000000800000000)
  region size 1024K, 1 young (1024K), 1 survivors (1024K)
 Metaspace       used 97844K, capacity 100713K, committed 100944K, reserved 1136640K
  class space    used 13280K, capacity 14569K, committed 14592K, reserved 1048576K
}
Event: 2733.567 GC heap before
{Heap before GC invocations=1715 (full 325):
 garbage-first heap   total 396288K, used 182535K [0x0000000740000000, 0x0000000800000000)
  region size 1024K, 60 young (61440K), 1 survivors (1024K)
 Metaspace       used 97881K, capacity 100720K, committed 100944K, reserved 1136640K
  class space    used 13281K, capacity 14572K, committed 14592K, reserved 1048576K
}
Event: 2733.571 GC heap after
{Heap after GC invocations=1716 (full 325):
 garbage-first heap   total 396288K, used 122557K [0x0000000740000000, 0x0000000800000000)
  region size 1024K, 2 young (2048K), 2 survivors (2048K)
 Metaspace       used 97881K, capacity 100720K, committed 100944K, reserved 1136640K
  class space    used 13281K, capacity 14572K, committed 14592K, reserved 1048576K
}
Event: 2735.837 GC heap before
{Heap before GC invocations=1716 (full 325):
 garbage-first heap   total 396288K, used 181949K [0x0000000740000000, 0x0000000800000000)
  region size 1024K, 60 young (61440K), 2 survivors (2048K)
 Metaspace       used 98318K, capacity 101203K, committed 101328K, reserved 1136640K
  class space    used 13314K, capacity 14605K, committed 14720K, reserved 1048576K
}
Event: 2735.840 GC heap after
{Heap after GC invocations=1717 (full 325):
 garbage-first heap   total 396288K, used 122909K [0x0000000740000000, 0x0000000800000000)
  region size 1024K, 2 young (2048K), 2 survivors (2048K)
 Metaspace       used 98318K, capacity 101203K, committed 101328K, reserved 1136640K
  class space    used 13314K, capacity 14605K, committed 14720K, reserved 1048576K
}
Event: 2737.201 GC heap before
{Heap before GC invocations=1717 (full 325):
 garbage-first heap   total 396288K, used 181277K [0x0000000740000000, 0x0000000800000000)
  region size 1024K, 60 young (61440K), 2 survivors (2048K)
 Metaspace       used 98320K, capacity 101203K, committed 101328K, reserved 1136640K
  class space    used 13314K, capacity 14605K, committed 14720K, reserved 1048576K
}
Event: 2737.203 GC heap after
{Heap after GC invocations=1718 (full 325):
 garbage-first heap   total 396288K, used 122984K [0x0000000740000000, 0x0000000800000000)
  region size 1024K, 2 young (2048K), 2 survivors (2048K)
 Metaspace       used 98320K, capacity 101203K, committed 101328K, reserved 1136640K
  class space    used 13314K, capacity 14605K, committed 14720K, reserved 1048576K
}

